<?xml version="1.0" encoding="UTF-8"?>
<!-- Generated by org.testng.reporters.JUnitReportReporter -->
<testsuite hostname="PAT-0197" failures="0" tests="1" name="com.seleniumtest.tests.LoginTest" time="10.726" errors="0" timestamp="2024-11-05T19:25:15 BRT" skipped="0">
  <testcase classname="com.seleniumtest.tests.LoginTest" name="testSuccessfulLogin" time="10.726"/>
</testsuite> <!-- com.seleniumtest.tests.LoginTest -->
