<?xml version="1.0" encoding="UTF-8"?>
<!-- Generated by org.testng.reporters.JUnitReportReporter -->
<testsuite hostname="PAT-0197" failures="0" tests="1" name="com.seleniumtest.tests.CreateTaskTest" time="12.020" errors="0" timestamp="2024-11-05T19:25:15 BRT" skipped="0">
  <testcase classname="com.seleniumtest.tests.CreateTaskTest" name="testCreateTask" time="12.020"/>
</testsuite> <!-- com.seleniumtest.tests.CreateTaskTest -->
